<?xml version="1.0" encoding="UTF-8"?>
<coverage generated="1770689829713" clover="3.2.0">
  <project timestamp="1770689829713" name="All files">
    <metrics statements="82" coveredstatements="76" conditionals="29" coveredconditionals="18" methods="22" coveredmethods="20" elements="133" coveredelements="114" complexity="0" loc="82" ncloc="82" packages="5" files="5" classes="5"/>
    <package name="controllers">
      <metrics statements="37" coveredstatements="35" conditionals="10" coveredconditionals="9" methods="5" coveredmethods="5"/>
      <file name="taskController.js" path="/sessions/youthful-kind-dijkstra/mnt/Development/task-board/backend/src/controllers/taskController.js">
        <metrics statements="37" coveredstatements="35" conditionals="10" coveredconditionals="9" methods="5" coveredmethods="5"/>
        <line num="4" count="1" type="stmt"/>
        <line num="7" count="3" type="stmt"/>
        <line num="8" count="3" type="stmt"/>
        <line num="9" count="3" type="stmt"/>
        <line num="15" count="0" type="stmt"/>
        <line num="21" count="3" type="stmt"/>
        <line num="22" count="3" type="stmt"/>
        <line num="23" count="3" type="stmt"/>
        <line num="25" count="3" type="cond" truecount="2" falsecount="0"/>
        <line num="26" count="2" type="stmt"/>
        <line num="29" count="1" type="stmt"/>
        <line num="34" count="2" type="stmt"/>
        <line num="40" count="12" type="stmt"/>
        <line num="42" count="12" type="stmt"/>
        <line num="45" count="8" type="stmt"/>
        <line num="47" count="8" type="stmt"/>
        <line num="53" count="4" type="cond" truecount="1" falsecount="1"/>
        <line num="54" count="4" type="stmt"/>
        <line num="56" count="0" type="stmt"/>
        <line num="63" count="4" type="stmt"/>
        <line num="64" count="4" type="stmt"/>
        <line num="67" count="4" type="stmt"/>
        <line num="68" count="4" type="cond" truecount="2" falsecount="0"/>
        <line num="69" count="1" type="stmt"/>
        <line num="73" count="3" type="stmt"/>
        <line num="76" count="2" type="stmt"/>
        <line num="78" count="2" type="stmt"/>
        <line num="84" count="2" type="cond" truecount="2" falsecount="0"/>
        <line num="85" count="1" type="stmt"/>
        <line num="87" count="1" type="stmt"/>
        <line num="94" count="2" type="stmt"/>
        <line num="95" count="2" type="stmt"/>
        <line num="97" count="2" type="stmt"/>
        <line num="99" count="2" type="cond" truecount="2" falsecount="0"/>
        <line num="100" count="1" type="stmt"/>
        <line num="103" count="1" type="stmt"/>
        <line num="109" count="1" type="stmt"/>
      </file>
    </package>
    <package name="middleware">
      <metrics statements="6" coveredstatements="4" conditionals="8" coveredconditionals="4" methods="1" coveredmethods="1"/>
      <file name="errorHandler.js" path="/sessions/youthful-kind-dijkstra/mnt/Development/task-board/backend/src/middleware/errorHandler.js">
        <metrics statements="6" coveredstatements="4" conditionals="8" coveredconditionals="4" methods="1" coveredmethods="1"/>
        <line num="3" count="1" type="stmt"/>
        <line num="5" count="9" type="cond" truecount="1" falsecount="1"/>
        <line num="6" count="0" type="stmt"/>
        <line num="10" count="9" type="cond" truecount="1" falsecount="1"/>
        <line num="11" count="9" type="stmt"/>
        <line num="20" count="0" type="stmt"/>
      </file>
    </package>
    <package name="models">
      <metrics statements="24" coveredstatements="24" conditionals="6" coveredconditionals="5" methods="11" coveredmethods="11"/>
      <file name="Task.js" path="/sessions/youthful-kind-dijkstra/mnt/Development/task-board/backend/src/models/Task.js">
        <metrics statements="24" coveredstatements="24" conditionals="6" coveredconditionals="5" methods="11" coveredmethods="11"/>
        <line num="5" count="1" type="stmt"/>
        <line num="13" count="1" type="stmt"/>
        <line num="18" count="1" type="stmt"/>
        <line num="19" count="1" type="stmt"/>
        <line num="24" count="24" type="stmt"/>
        <line num="47" count="48" type="stmt"/>
        <line num="52" count="8" type="stmt"/>
        <line num="58" count="8" type="stmt"/>
        <line num="59" count="8" type="stmt"/>
        <line num="64" count="3" type="stmt"/>
        <line num="65" count="3" type="stmt"/>
        <line num="71" count="7" type="cond" truecount="2" falsecount="0"/>
        <line num="76" count="2" type="stmt"/>
        <line num="77" count="2" type="cond" truecount="1" falsecount="1"/>
        <line num="79" count="2" type="stmt"/>
        <line num="87" count="2" type="stmt"/>
        <line num="88" count="2" type="stmt"/>
        <line num="93" count="2" type="stmt"/>
        <line num="94" count="2" type="cond" truecount="2" falsecount="0"/>
        <line num="96" count="1" type="stmt"/>
        <line num="97" count="1" type="stmt"/>
        <line num="102" count="23" type="stmt"/>
        <line num="107" count="2" type="stmt"/>
        <line num="112" count="1" type="stmt"/>
      </file>
    </package>
    <package name="routes">
      <metrics statements="6" coveredstatements="6" conditionals="0" coveredconditionals="0" methods="0" coveredmethods="0"/>
      <file name="tasks.js" path="/sessions/youthful-kind-dijkstra/mnt/Development/task-board/backend/src/routes/tasks.js">
        <metrics statements="6" coveredstatements="6" conditionals="0" coveredconditionals="0" methods="0" coveredmethods="0"/>
        <line num="4" count="1" type="stmt"/>
        <line num="7" count="1" type="stmt"/>
        <line num="10" count="1" type="stmt"/>
        <line num="13" count="1" type="stmt"/>
        <line num="16" count="1" type="stmt"/>
        <line num="19" count="1" type="stmt"/>
      </file>
    </package>
    <package name="utils">
      <metrics statements="9" coveredstatements="7" conditionals="5" coveredconditionals="0" methods="5" coveredmethods="3"/>
      <file name="errors.js" path="/sessions/youthful-kind-dijkstra/mnt/Development/task-board/backend/src/utils/errors.js">
        <metrics statements="9" coveredstatements="7" conditionals="5" coveredconditionals="0" methods="5" coveredmethods="3"/>
        <line num="4" count="9" type="stmt"/>
        <line num="5" count="9" type="stmt"/>
        <line num="6" count="9" type="stmt"/>
        <line num="7" count="9" type="stmt"/>
        <line num="14" count="5" type="stmt"/>
        <line num="15" count="5" type="stmt"/>
        <line num="22" count="4" type="stmt"/>
        <line num="29" count="0" type="stmt"/>
        <line num="36" count="0" type="stmt"/>
      </file>
    </package>
  </project>
</coverage>
