{"/sessions/youthful-kind-dijkstra/mnt/Development/task-board/backend/src/controllers/taskController.js": {"path":"/sessions/youthful-kind-dijkstra/mnt/Development/task-board/backend/src/controllers/taskController.js","statementMap":{"0":{"start":{"line":4,"column":30},"end":{"line":112,"column":1}},"1":{"start":{"line":7,"column":4},"end":{"line":16,"column":5}},"2":{"start":{"line":8,"column":20},"end":{"line":8,"column":39}},"3":{"start":{"line":9,"column":6},"end":{"line":13,"column":9}},"4":{"start":{"line":15,"column":6},"end":{"line":15,"column":18}},"5":{"start":{"line":21,"column":4},"end":{"line":35,"column":5}},"6":{"start":{"line":22,"column":21},"end":{"line":22,"column":31}},"7":{"start":{"line":23,"column":19},"end":{"line":23,"column":41}},"8":{"start":{"line":25,"column":6},"end":{"line":27,"column":7}},"9":{"start":{"line":26,"column":8},"end":{"line":26,"column":64}},"10":{"start":{"line":29,"column":6},"end":{"line":32,"column":9}},"11":{"start":{"line":34,"column":6},"end":{"line":34,"column":18}},"12":{"start":{"line":40,"column":4},"end":{"line":58,"column":5}},"13":{"start":{"line":42,"column":28},"end":{"line":42,"column":54}},"14":{"start":{"line":45,"column":19},"end":{"line":45,"column":50}},"15":{"start":{"line":47,"column":6},"end":{"line":51,"column":9}},"16":{"start":{"line":53,"column":6},"end":{"line":57,"column":7}},"17":{"start":{"line":54,"column":8},"end":{"line":54,"column":69}},"18":{"start":{"line":56,"column":8},"end":{"line":56,"column":20}},"19":{"start":{"line":63,"column":4},"end":{"line":89,"column":5}},"20":{"start":{"line":64,"column":21},"end":{"line":64,"column":31}},"21":{"start":{"line":67,"column":27},"end":{"line":67,"column":49}},"22":{"start":{"line":68,"column":6},"end":{"line":70,"column":7}},"23":{"start":{"line":69,"column":8},"end":{"line":69,"column":64}},"24":{"start":{"line":73,"column":28},"end":{"line":73,"column":60}},"25":{"start":{"line":76,"column":26},"end":{"line":76,"column":61}},"26":{"start":{"line":78,"column":6},"end":{"line":82,"column":9}},"27":{"start":{"line":84,"column":6},"end":{"line":88,"column":7}},"28":{"start":{"line":85,"column":8},"end":{"line":85,"column":71}},"29":{"start":{"line":87,"column":8},"end":{"line":87,"column":20}},"30":{"start":{"line":94,"column":4},"end":{"line":110,"column":5}},"31":{"start":{"line":95,"column":21},"end":{"line":95,"column":31}},"32":{"start":{"line":97,"column":26},"end":{"line":97,"column":46}},"33":{"start":{"line":99,"column":6},"end":{"line":101,"column":7}},"34":{"start":{"line":100,"column":8},"end":{"line":100,"column":64}},"35":{"start":{"line":103,"column":6},"end":{"line":107,"column":9}},"36":{"start":{"line":109,"column":6},"end":{"line":109,"column":18}}},"fnMap":{"0":{"name":"(anonymous_0)","decl":{"start":{"line":6,"column":15},"end":{"line":6,"column":16}},"loc":{"start":{"line":6,"column":41},"end":{"line":17,"column":3}},"line":6},"1":{"name":"(anonymous_1)","decl":{"start":{"line":20,"column":15},"end":{"line":20,"column":16}},"loc":{"start":{"line":20,"column":41},"end":{"line":36,"column":3}},"line":20},"2":{"name":"(anonymous_2)","decl":{"start":{"line":39,"column":14},"end":{"line":39,"column":15}},"loc":{"start":{"line":39,"column":40},"end":{"line":59,"column":3}},"line":39},"3":{"name":"(anonymous_3)","decl":{"start":{"line":62,"column":14},"end":{"line":62,"column":15}},"loc":{"start":{"line":62,"column":40},"end":{"line":90,"column":3}},"line":62},"4":{"name":"(anonymous_4)","decl":{"start":{"line":93,"column":14},"end":{"line":93,"column":15}},"loc":{"start":{"line":93,"column":40},"end":{"line":111,"column":3}},"line":93}},"branchMap":{"0":{"loc":{"start":{"line":25,"column":6},"end":{"line":27,"column":7}},"type":"if","locations":[{"start":{"line":25,"column":6},"end":{"line":27,"column":7}},{"start":{},"end":{}}],"line":25},"1":{"loc":{"start":{"line":53,"column":6},"end":{"line":57,"column":7}},"type":"if","locations":[{"start":{"line":53,"column":6},"end":{"line":57,"column":7}},{"start":{"line":55,"column":13},"end":{"line":57,"column":7}}],"line":53},"2":{"loc":{"start":{"line":68,"column":6},"end":{"line":70,"column":7}},"type":"if","locations":[{"start":{"line":68,"column":6},"end":{"line":70,"column":7}},{"start":{},"end":{}}],"line":68},"3":{"loc":{"start":{"line":84,"column":6},"end":{"line":88,"column":7}},"type":"if","locations":[{"start":{"line":84,"column":6},"end":{"line":88,"column":7}},{"start":{"line":86,"column":13},"end":{"line":88,"column":7}}],"line":84},"4":{"loc":{"start":{"line":99,"column":6},"end":{"line":101,"column":7}},"type":"if","locations":[{"start":{"line":99,"column":6},"end":{"line":101,"column":7}},{"start":{},"end":{}}],"line":99}},"s":{"0":1,"1":3,"2":3,"3":3,"4":0,"5":3,"6":3,"7":3,"8":3,"9":2,"10":1,"11":2,"12":12,"13":12,"14":8,"15":8,"16":4,"17":4,"18":0,"19":4,"20":4,"21":4,"22":4,"23":1,"24":3,"25":2,"26":2,"27":2,"28":1,"29":1,"30":2,"31":2,"32":2,"33":2,"34":1,"35":1,"36":1},"f":{"0":3,"1":3,"2":12,"3":4,"4":2},"b":{"0":[2,1],"1":[4,0],"2":[1,3],"3":[1,1],"4":[1,1]},"inputSourceMap":null,"_coverageSchema":"1a1c01bbd47fc00a2c39e90264f33305004495a9","hash":"fbd4444f5198127d468ee9b3ff2860052a1efad4"}
,"/sessions/youthful-kind-dijkstra/mnt/Development/task-board/backend/src/middleware/errorHandler.js": {"path":"/sessions/youthful-kind-dijkstra/mnt/Development/task-board/backend/src/middleware/errorHandler.js","statementMap":{"0":{"start":{"line":3,"column":28},"end":{"line":27,"column":1}},"1":{"start":{"line":5,"column":2},"end":{"line":7,"column":3}},"2":{"start":{"line":6,"column":4},"end":{"line":6,"column":35}},"3":{"start":{"line":10,"column":2},"end":{"line":17,"column":3}},"4":{"start":{"line":11,"column":4},"end":{"line":16,"column":7}},"5":{"start":{"line":20,"column":2},"end":{"line":26,"column":5}}},"fnMap":{"0":{"name":"(anonymous_0)","decl":{"start":{"line":3,"column":28},"end":{"line":3,"column":29}},"loc":{"start":{"line":3,"column":53},"end":{"line":27,"column":1}},"line":3}},"branchMap":{"0":{"loc":{"start":{"line":5,"column":2},"end":{"line":7,"column":3}},"type":"if","locations":[{"start":{"line":5,"column":2},"end":{"line":7,"column":3}},{"start":{},"end":{}}],"line":5},"1":{"loc":{"start":{"line":10,"column":2},"end":{"line":17,"column":3}},"type":"if","locations":[{"start":{"line":10,"column":2},"end":{"line":17,"column":3}},{"start":{},"end":{}}],"line":10},"2":{"loc":{"start":{"line":15,"column":10},"end":{"line":15,"column":46}},"type":"binary-expr","locations":[{"start":{"line":15,"column":10},"end":{"line":15,"column":20}},{"start":{"line":15,"column":24},"end":{"line":15,"column":46}}],"line":15},"3":{"loc":{"start":{"line":23,"column":13},"end":{"line":25,"column":19}},"type":"cond-expr","locations":[{"start":{"line":24,"column":8},"end":{"line":24,"column":38}},{"start":{"line":25,"column":8},"end":{"line":25,"column":19}}],"line":23}},"s":{"0":1,"1":9,"2":0,"3":9,"4":9,"5":0},"f":{"0":9},"b":{"0":[0,9],"1":[9,0],"2":[9,5],"3":[0,0]},"inputSourceMap":null,"_coverageSchema":"1a1c01bbd47fc00a2c39e90264f33305004495a9","hash":"5d7f485afd1c25ee35d8a2813fdea13d668dbe6d"}
,"/sessions/youthful-kind-dijkstra/mnt/Development/task-board/backend/src/models/Task.js": {"path":"/sessions/youthful-kind-dijkstra/mnt/Development/task-board/backend/src/models/Task.js","statementMap":{"0":{"start":{"line":5,"column":26},"end":{"line":11,"column":2}},"1":{"start":{"line":13,"column":32},"end":{"line":13,"column":52}},"2":{"start":{"line":18,"column":4},"end":{"line":18,"column":27}},"3":{"start":{"line":19,"column":4},"end":{"line":19,"column":31}},"4":{"start":{"line":24,"column":22},"end":{"line":45,"column":5}},"5":{"start":{"line":47,"column":4},"end":{"line":47,"column":61}},"6":{"start":{"line":47,"column":30},"end":{"line":47,"column":59}},"7":{"start":{"line":52,"column":17},"end":{"line":57,"column":5}},"8":{"start":{"line":58,"column":4},"end":{"line":58,"column":34}},"9":{"start":{"line":59,"column":4},"end":{"line":59,"column":16}},"10":{"start":{"line":64,"column":4},"end":{"line":66,"column":6}},"11":{"start":{"line":65,"column":6},"end":{"line":65,"column":51}},"12":{"start":{"line":71,"column":4},"end":{"line":71,"column":38}},"13":{"start":{"line":76,"column":17},"end":{"line":76,"column":35}},"14":{"start":{"line":77,"column":4},"end":{"line":77,"column":27}},"15":{"start":{"line":77,"column":15},"end":{"line":77,"column":27}},"16":{"start":{"line":79,"column":24},"end":{"line":85,"column":5}},"17":{"start":{"line":87,"column":4},"end":{"line":87,"column":36}},"18":{"start":{"line":88,"column":4},"end":{"line":88,"column":23}},"19":{"start":{"line":93,"column":17},"end":{"line":93,"column":35}},"20":{"start":{"line":94,"column":4},"end":{"line":94,"column":27}},"21":{"start":{"line":94,"column":15},"end":{"line":94,"column":27}},"22":{"start":{"line":96,"column":4},"end":{"line":96,"column":26}},"23":{"start":{"line":97,"column":4},"end":{"line":97,"column":16}},"24":{"start":{"line":102,"column":4},"end":{"line":102,"column":23}},"25":{"start":{"line":107,"column":4},"end":{"line":107,"column":27}},"26":{"start":{"line":112,"column":25},"end":{"line":112,"column":40}}},"fnMap":{"0":{"name":"(anonymous_0)","decl":{"start":{"line":17,"column":2},"end":{"line":17,"column":3}},"loc":{"start":{"line":17,"column":16},"end":{"line":20,"column":3}},"line":17},"1":{"name":"(anonymous_1)","decl":{"start":{"line":22,"column":2},"end":{"line":22,"column":3}},"loc":{"start":{"line":22,"column":24},"end":{"line":48,"column":3}},"line":22},"2":{"name":"(anonymous_2)","decl":{"start":{"line":47,"column":22},"end":{"line":47,"column":23}},"loc":{"start":{"line":47,"column":30},"end":{"line":47,"column":59}},"line":47},"3":{"name":"(anonymous_3)","decl":{"start":{"line":51,"column":2},"end":{"line":51,"column":3}},"loc":{"start":{"line":51,"column":19},"end":{"line":60,"column":3}},"line":51},"4":{"name":"(anonymous_4)","decl":{"start":{"line":63,"column":2},"end":{"line":63,"column":3}},"loc":{"start":{"line":63,"column":12},"end":{"line":67,"column":3}},"line":63},"5":{"name":"(anonymous_5)","decl":{"start":{"line":64,"column":48},"end":{"line":64,"column":49}},"loc":{"start":{"line":65,"column":6},"end":{"line":65,"column":51}},"line":65},"6":{"name":"(anonymous_6)","decl":{"start":{"line":70,"column":2},"end":{"line":70,"column":3}},"loc":{"start":{"line":70,"column":15},"end":{"line":72,"column":3}},"line":70},"7":{"name":"(anonymous_7)","decl":{"start":{"line":75,"column":2},"end":{"line":75,"column":3}},"loc":{"start":{"line":75,"column":22},"end":{"line":89,"column":3}},"line":75},"8":{"name":"(anonymous_8)","decl":{"start":{"line":92,"column":2},"end":{"line":92,"column":3}},"loc":{"start":{"line":92,"column":13},"end":{"line":98,"column":3}},"line":92},"9":{"name":"(anonymous_9)","decl":{"start":{"line":101,"column":2},"end":{"line":101,"column":3}},"loc":{"start":{"line":101,"column":10},"end":{"line":103,"column":3}},"line":101},"10":{"name":"(anonymous_10)","decl":{"start":{"line":106,"column":2},"end":{"line":106,"column":3}},"loc":{"start":{"line":106,"column":10},"end":{"line":108,"column":3}},"line":106}},"branchMap":{"0":{"loc":{"start":{"line":71,"column":11},"end":{"line":71,"column":37}},"type":"binary-expr","locations":[{"start":{"line":71,"column":11},"end":{"line":71,"column":29}},{"start":{"line":71,"column":33},"end":{"line":71,"column":37}}],"line":71},"1":{"loc":{"start":{"line":77,"column":4},"end":{"line":77,"column":27}},"type":"if","locations":[{"start":{"line":77,"column":4},"end":{"line":77,"column":27}},{"start":{},"end":{}}],"line":77},"2":{"loc":{"start":{"line":94,"column":4},"end":{"line":94,"column":27}},"type":"if","locations":[{"start":{"line":94,"column":4},"end":{"line":94,"column":27}},{"start":{},"end":{}}],"line":94}},"s":{"0":1,"1":1,"2":1,"3":1,"4":24,"5":24,"6":48,"7":8,"8":8,"9":8,"10":3,"11":3,"12":7,"13":2,"14":2,"15":0,"16":2,"17":2,"18":2,"19":2,"20":2,"21":1,"22":1,"23":1,"24":23,"25":2,"26":1},"f":{"0":1,"1":24,"2":48,"3":8,"4":3,"5":3,"6":7,"7":2,"8":2,"9":23,"10":2},"b":{"0":[7,3],"1":[0,2],"2":[1,1]},"inputSourceMap":null,"_coverageSchema":"1a1c01bbd47fc00a2c39e90264f33305004495a9","hash":"a5811b30a944d57d2e964b52f14f3f0683102bcd"}
,"/sessions/youthful-kind-dijkstra/mnt/Development/task-board/backend/src/routes/tasks.js": {"path":"/sessions/youthful-kind-dijkstra/mnt/Development/task-board/backend/src/routes/tasks.js","statementMap":{"0":{"start":{"line":4,"column":15},"end":{"line":4,"column":31}},"1":{"start":{"line":7,"column":0},"end":{"line":7,"column":44}},"2":{"start":{"line":10,"column":0},"end":{"line":10,"column":47}},"3":{"start":{"line":13,"column":0},"end":{"line":13,"column":44}},"4":{"start":{"line":16,"column":0},"end":{"line":16,"column":46}},"5":{"start":{"line":19,"column":0},"end":{"line":19,"column":49}}},"fnMap":{},"branchMap":{},"s":{"0":1,"1":1,"2":1,"3":1,"4":1,"5":1},"f":{},"b":{},"inputSourceMap":null,"_coverageSchema":"1a1c01bbd47fc00a2c39e90264f33305004495a9","hash":"74b6bcf7f01c2a6d1c4b5fe3d6fa5f3948f2ec0a"}
,"/sessions/youthful-kind-dijkstra/mnt/Development/task-board/backend/src/utils/errors.js": {"path":"/sessions/youthful-kind-dijkstra/mnt/Development/task-board/backend/src/utils/errors.js","statementMap":{"0":{"start":{"line":4,"column":4},"end":{"line":4,"column":19}},"1":{"start":{"line":5,"column":4},"end":{"line":5,"column":33}},"2":{"start":{"line":6,"column":4},"end":{"line":6,"column":38}},"3":{"start":{"line":7,"column":4},"end":{"line":7,"column":52}},"4":{"start":{"line":14,"column":4},"end":{"line":14,"column":24}},"5":{"start":{"line":15,"column":4},"end":{"line":15,"column":25}},"6":{"start":{"line":22,"column":4},"end":{"line":22,"column":24}},"7":{"start":{"line":29,"column":4},"end":{"line":29,"column":24}},"8":{"start":{"line":36,"column":4},"end":{"line":36,"column":24}}},"fnMap":{"0":{"name":"(anonymous_0)","decl":{"start":{"line":3,"column":2},"end":{"line":3,"column":3}},"loc":{"start":{"line":3,"column":41},"end":{"line":8,"column":3}},"line":3},"1":{"name":"(anonymous_1)","decl":{"start":{"line":13,"column":2},"end":{"line":13,"column":3}},"loc":{"start":{"line":13,"column":36},"end":{"line":16,"column":3}},"line":13},"2":{"name":"(anonymous_2)","decl":{"start":{"line":21,"column":2},"end":{"line":21,"column":3}},"loc":{"start":{"line":21,"column":46},"end":{"line":23,"column":3}},"line":21},"3":{"name":"(anonymous_3)","decl":{"start":{"line":28,"column":2},"end":{"line":28,"column":3}},"loc":{"start":{"line":28,"column":40},"end":{"line":30,"column":3}},"line":28},"4":{"name":"(anonymous_4)","decl":{"start":{"line":35,"column":2},"end":{"line":35,"column":3}},"loc":{"start":{"line":35,"column":37},"end":{"line":37,"column":3}},"line":35}},"branchMap":{"0":{"loc":{"start":{"line":3,"column":23},"end":{"line":3,"column":39}},"type":"default-arg","locations":[{"start":{"line":3,"column":36},"end":{"line":3,"column":39}}],"line":3},"1":{"loc":{"start":{"line":13,"column":23},"end":{"line":13,"column":34}},"type":"default-arg","locations":[{"start":{"line":13,"column":32},"end":{"line":13,"column":34}}],"line":13},"2":{"loc":{"start":{"line":21,"column":14},"end":{"line":21,"column":44}},"type":"default-arg","locations":[{"start":{"line":21,"column":24},"end":{"line":21,"column":44}}],"line":21},"3":{"loc":{"start":{"line":28,"column":14},"end":{"line":28,"column":38}},"type":"default-arg","locations":[{"start":{"line":28,"column":24},"end":{"line":28,"column":38}}],"line":28},"4":{"loc":{"start":{"line":35,"column":14},"end":{"line":35,"column":35}},"type":"default-arg","locations":[{"start":{"line":35,"column":24},"end":{"line":35,"column":35}}],"line":35}},"s":{"0":9,"1":9,"2":9,"3":9,"4":5,"5":5,"6":4,"7":0,"8":0},"f":{"0":9,"1":5,"2":4,"3":0,"4":0},"b":{"0":[0],"1":[0],"2":[0],"3":[0],"4":[0]},"inputSourceMap":null,"_coverageSchema":"1a1c01bbd47fc00a2c39e90264f33305004495a9","hash":"7d7f92b29470bc4460fc56b808d68ebb0eea7297"}
}
