{"/sessions/eager-vibrant-shannon/mnt/Development/task-board/backend/src/controllers/taskController.js": {"path":"/sessions/eager-vibrant-shannon/mnt/Development/task-board/backend/src/controllers/taskController.js","statementMap":{"0":{"start":{"line":4,"column":30},"end":{"line":112,"column":1}},"1":{"start":{"line":7,"column":4},"end":{"line":16,"column":5}},"2":{"start":{"line":8,"column":20},"end":{"line":8,"column":39}},"3":{"start":{"line":9,"column":6},"end":{"line":13,"column":9}},"4":{"start":{"line":15,"column":6},"end":{"line":15,"column":18}},"5":{"start":{"line":21,"column":4},"end":{"line":35,"column":5}},"6":{"start":{"line":22,"column":21},"end":{"line":22,"column":31}},"7":{"start":{"line":23,"column":19},"end":{"line":23,"column":41}},"8":{"start":{"line":25,"column":6},"end":{"line":27,"column":7}},"9":{"start":{"line":26,"column":8},"end":{"line":26,"column":64}},"10":{"start":{"line":29,"column":6},"end":{"line":32,"column":9}},"11":{"start":{"line":34,"column":6},"end":{"line":34,"column":18}},"12":{"start":{"line":40,"column":4},"end":{"line":58,"column":5}},"13":{"start":{"line":42,"column":28},"end":{"line":42,"column":54}},"14":{"start":{"line":45,"column":19},"end":{"line":45,"column":50}},"15":{"start":{"line":47,"column":6},"end":{"line":51,"column":9}},"16":{"start":{"line":53,"column":6},"end":{"line":57,"column":7}},"17":{"start":{"line":54,"column":8},"end":{"line":54,"column":69}},"18":{"start":{"line":56,"column":8},"end":{"line":56,"column":20}},"19":{"start":{"line":63,"column":4},"end":{"line":89,"column":5}},"20":{"start":{"line":64,"column":21},"end":{"line":64,"column":31}},"21":{"start":{"line":67,"column":27},"end":{"line":67,"column":49}},"22":{"start":{"line":68,"column":6},"end":{"line":70,"column":7}},"23":{"start":{"line":69,"column":8},"end":{"line":69,"column":64}},"24":{"start":{"line":73,"column":28},"end":{"line":73,"column":60}},"25":{"start":{"line":76,"column":26},"end":{"line":76,"column":61}},"26":{"start":{"line":78,"column":6},"end":{"line":82,"column":9}},"27":{"start":{"line":84,"column":6},"end":{"line":88,"column":7}},"28":{"start":{"line":85,"column":8},"end":{"line":85,"column":71}},"29":{"start":{"line":87,"column":8},"end":{"line":87,"column":20}},"30":{"start":{"line":94,"column":4},"end":{"line":110,"column":5}},"31":{"start":{"line":95,"column":21},"end":{"line":95,"column":31}},"32":{"start":{"line":97,"column":26},"end":{"line":97,"column":46}},"33":{"start":{"line":99,"column":6},"end":{"line":101,"column":7}},"34":{"start":{"line":100,"column":8},"end":{"line":100,"column":64}},"35":{"start":{"line":103,"column":6},"end":{"line":107,"column":9}},"36":{"start":{"line":109,"column":6},"end":{"line":109,"column":18}}},"fnMap":{"0":{"name":"(anonymous_0)","decl":{"start":{"line":6,"column":15},"end":{"line":6,"column":16}},"loc":{"start":{"line":6,"column":41},"end":{"line":17,"column":3}},"line":6},"1":{"name":"(anonymous_1)","decl":{"start":{"line":20,"column":15},"end":{"line":20,"column":16}},"loc":{"start":{"line":20,"column":41},"end":{"line":36,"column":3}},"line":20},"2":{"name":"(anonymous_2)","decl":{"start":{"line":39,"column":14},"end":{"line":39,"column":15}},"loc":{"start":{"line":39,"column":40},"end":{"line":59,"column":3}},"line":39},"3":{"name":"(anonymous_3)","decl":{"start":{"line":62,"column":14},"end":{"line":62,"column":15}},"loc":{"start":{"line":62,"column":40},"end":{"line":90,"column":3}},"line":62},"4":{"name":"(anonymous_4)","decl":{"start":{"line":93,"column":14},"end":{"line":93,"column":15}},"loc":{"start":{"line":93,"column":40},"end":{"line":111,"column":3}},"line":93}},"branchMap":{"0":{"loc":{"start":{"line":25,"column":6},"end":{"line":27,"column":7}},"type":"if","locations":[{"start":{"line":25,"column":6},"end":{"line":27,"column":7}},{"start":{},"end":{}}],"line":25},"1":{"loc":{"start":{"line":53,"column":6},"end":{"line":57,"column":7}},"type":"if","locations":[{"start":{"line":53,"column":6},"end":{"line":57,"column":7}},{"start":{"line":55,"column":13},"end":{"line":57,"column":7}}],"line":53},"2":{"loc":{"start":{"line":68,"column":6},"end":{"line":70,"column":7}},"type":"if","locations":[{"start":{"line":68,"column":6},"end":{"line":70,"column":7}},{"start":{},"end":{}}],"line":68},"3":{"loc":{"start":{"line":84,"column":6},"end":{"line":88,"column":7}},"type":"if","locations":[{"start":{"line":84,"column":6},"end":{"line":88,"column":7}},{"start":{"line":86,"column":13},"end":{"line":88,"column":7}}],"line":84},"4":{"loc":{"start":{"line":99,"column":6},"end":{"line":101,"column":7}},"type":"if","locations":[{"start":{"line":99,"column":6},"end":{"line":101,"column":7}},{"start":{},"end":{}}],"line":99}},"s":{"0":1,"1":3,"2":3,"3":3,"4":0,"5":3,"6":3,"7":3,"8":3,"9":2,"10":1,"11":2,"12":24,"13":24,"14":18,"15":18,"16":6,"17":6,"18":0,"19":4,"20":4,"21":4,"22":4,"23":1,"24":3,"25":2,"26":2,"27":2,"28":1,"29":1,"30":2,"31":2,"32":2,"33":2,"34":1,"35":1,"36":1},"f":{"0":3,"1":3,"2":24,"3":4,"4":2},"b":{"0":[2,1],"1":[6,0],"2":[1,3],"3":[1,1],"4":[1,1]},"inputSourceMap":null,"_coverageSchema":"1a1c01bbd47fc00a2c39e90264f33305004495a9","hash":"289b7abcb74c1d2fd5ac7689d9158fe518f72238"}
,"/sessions/eager-vibrant-shannon/mnt/Development/task-board/backend/src/middleware/errorHandler.js": {"path":"/sessions/eager-vibrant-shannon/mnt/Development/task-board/backend/src/middleware/errorHandler.js","statementMap":{"0":{"start":{"line":3,"column":28},"end":{"line":27,"column":1}},"1":{"start":{"line":5,"column":2},"end":{"line":7,"column":3}},"2":{"start":{"line":6,"column":4},"end":{"line":6,"column":35}},"3":{"start":{"line":10,"column":2},"end":{"line":17,"column":3}},"4":{"start":{"line":11,"column":4},"end":{"line":16,"column":7}},"5":{"start":{"line":20,"column":2},"end":{"line":26,"column":5}}},"fnMap":{"0":{"name":"(anonymous_0)","decl":{"start":{"line":3,"column":28},"end":{"line":3,"column":29}},"loc":{"start":{"line":3,"column":53},"end":{"line":27,"column":1}},"line":3}},"branchMap":{"0":{"loc":{"start":{"line":5,"column":2},"end":{"line":7,"column":3}},"type":"if","locations":[{"start":{"line":5,"column":2},"end":{"line":7,"column":3}},{"start":{},"end":{}}],"line":5},"1":{"loc":{"start":{"line":10,"column":2},"end":{"line":17,"column":3}},"type":"if","locations":[{"start":{"line":10,"column":2},"end":{"line":17,"column":3}},{"start":{},"end":{}}],"line":10},"2":{"loc":{"start":{"line":15,"column":10},"end":{"line":15,"column":46}},"type":"binary-expr","locations":[{"start":{"line":15,"column":10},"end":{"line":15,"column":20}},{"start":{"line":15,"column":24},"end":{"line":15,"column":46}}],"line":15},"3":{"loc":{"start":{"line":23,"column":13},"end":{"line":25,"column":19}},"type":"cond-expr","locations":[{"start":{"line":24,"column":8},"end":{"line":24,"column":38}},{"start":{"line":25,"column":8},"end":{"line":25,"column":19}}],"line":23}},"s":{"0":0,"1":0,"2":0,"3":0,"4":0,"5":0},"f":{"0":0},"b":{"0":[0,0],"1":[0,0],"2":[0,0],"3":[0,0]},"inputSourceMap":null}
,"/sessions/eager-vibrant-shannon/mnt/Development/task-board/backend/src/models/Task.js": {"path":"/sessions/eager-vibrant-shannon/mnt/Development/task-board/backend/src/models/Task.js","statementMap":{"0":{"start":{"line":14,"column":26},"end":{"line":22,"column":2}},"1":{"start":{"line":25,"column":32},"end":{"line":25,"column":52}},"2":{"start":{"line":34,"column":4},"end":{"line":34,"column":27}},"3":{"start":{"line":43,"column":17},"end":{"line":48,"column":5}},"4":{"start":{"line":49,"column":4},"end":{"line":49,"column":34}},"5":{"start":{"line":50,"column":4},"end":{"line":50,"column":16}},"6":{"start":{"line":58,"column":4},"end":{"line":60,"column":6}},"7":{"start":{"line":59,"column":6},"end":{"line":59,"column":51}},"8":{"start":{"line":69,"column":4},"end":{"line":69,"column":38}},"9":{"start":{"line":79,"column":17},"end":{"line":79,"column":35}},"10":{"start":{"line":80,"column":4},"end":{"line":80,"column":27}},"11":{"start":{"line":80,"column":15},"end":{"line":80,"column":27}},"12":{"start":{"line":82,"column":24},"end":{"line":88,"column":5}},"13":{"start":{"line":90,"column":4},"end":{"line":90,"column":36}},"14":{"start":{"line":91,"column":4},"end":{"line":91,"column":23}},"15":{"start":{"line":100,"column":17},"end":{"line":100,"column":35}},"16":{"start":{"line":101,"column":4},"end":{"line":101,"column":27}},"17":{"start":{"line":101,"column":15},"end":{"line":101,"column":27}},"18":{"start":{"line":103,"column":4},"end":{"line":103,"column":26}},"19":{"start":{"line":104,"column":4},"end":{"line":104,"column":16}},"20":{"start":{"line":111,"column":4},"end":{"line":111,"column":23}},"21":{"start":{"line":118,"column":4},"end":{"line":118,"column":27}},"22":{"start":{"line":125,"column":4},"end":{"line":125,"column":17}},"23":{"start":{"line":128,"column":4},"end":{"line":136,"column":7}},"24":{"start":{"line":139,"column":4},"end":{"line":147,"column":7}},"25":{"start":{"line":150,"column":4},"end":{"line":158,"column":7}},"26":{"start":{"line":163,"column":25},"end":{"line":163,"column":40}},"27":{"start":{"line":166,"column":0},"end":{"line":168,"column":1}},"28":{"start":{"line":167,"column":2},"end":{"line":167,"column":34}}},"fnMap":{"0":{"name":"(anonymous_0)","decl":{"start":{"line":33,"column":2},"end":{"line":33,"column":3}},"loc":{"start":{"line":33,"column":16},"end":{"line":35,"column":3}},"line":33},"1":{"name":"(anonymous_1)","decl":{"start":{"line":42,"column":2},"end":{"line":42,"column":3}},"loc":{"start":{"line":42,"column":19},"end":{"line":51,"column":3}},"line":42},"2":{"name":"(anonymous_2)","decl":{"start":{"line":57,"column":2},"end":{"line":57,"column":3}},"loc":{"start":{"line":57,"column":12},"end":{"line":61,"column":3}},"line":57},"3":{"name":"(anonymous_3)","decl":{"start":{"line":58,"column":48},"end":{"line":58,"column":49}},"loc":{"start":{"line":59,"column":6},"end":{"line":59,"column":51}},"line":59},"4":{"name":"(anonymous_4)","decl":{"start":{"line":68,"column":2},"end":{"line":68,"column":3}},"loc":{"start":{"line":68,"column":15},"end":{"line":70,"column":3}},"line":68},"5":{"name":"(anonymous_5)","decl":{"start":{"line":78,"column":2},"end":{"line":78,"column":3}},"loc":{"start":{"line":78,"column":22},"end":{"line":92,"column":3}},"line":78},"6":{"name":"(anonymous_6)","decl":{"start":{"line":99,"column":2},"end":{"line":99,"column":3}},"loc":{"start":{"line":99,"column":13},"end":{"line":105,"column":3}},"line":99},"7":{"name":"(anonymous_7)","decl":{"start":{"line":110,"column":2},"end":{"line":110,"column":3}},"loc":{"start":{"line":110,"column":10},"end":{"line":112,"column":3}},"line":110},"8":{"name":"(anonymous_8)","decl":{"start":{"line":117,"column":2},"end":{"line":117,"column":3}},"loc":{"start":{"line":117,"column":10},"end":{"line":119,"column":3}},"line":117},"9":{"name":"(anonymous_9)","decl":{"start":{"line":124,"column":2},"end":{"line":124,"column":3}},"loc":{"start":{"line":124,"column":24},"end":{"line":159,"column":3}},"line":124}},"branchMap":{"0":{"loc":{"start":{"line":69,"column":11},"end":{"line":69,"column":37}},"type":"binary-expr","locations":[{"start":{"line":69,"column":11},"end":{"line":69,"column":29}},{"start":{"line":69,"column":33},"end":{"line":69,"column":37}}],"line":69},"1":{"loc":{"start":{"line":80,"column":4},"end":{"line":80,"column":27}},"type":"if","locations":[{"start":{"line":80,"column":4},"end":{"line":80,"column":27}},{"start":{},"end":{}}],"line":80},"2":{"loc":{"start":{"line":101,"column":4},"end":{"line":101,"column":27}},"type":"if","locations":[{"start":{"line":101,"column":4},"end":{"line":101,"column":27}},{"start":{},"end":{}}],"line":101},"3":{"loc":{"start":{"line":166,"column":0},"end":{"line":168,"column":1}},"type":"if","locations":[{"start":{"line":166,"column":0},"end":{"line":168,"column":1}},{"start":{},"end":{}}],"line":166}},"s":{"0":1,"1":1,"2":1,"3":105,"4":105,"5":105,"6":3,"7":6,"8":7,"9":2,"10":2,"11":0,"12":2,"13":2,"14":2,"15":2,"16":2,"17":1,"18":1,"19":1,"20":58,"21":2,"22":29,"23":29,"24":29,"25":29,"26":1,"27":1,"28":0},"f":{"0":1,"1":105,"2":3,"3":6,"4":7,"5":2,"6":2,"7":58,"8":2,"9":29},"b":{"0":[7,3],"1":[0,2],"2":[1,1],"3":[0,1]},"inputSourceMap":null,"_coverageSchema":"1a1c01bbd47fc00a2c39e90264f33305004495a9","hash":"b9482df4136b06a057c0b2466c16c4fcb11740c4"}
,"/sessions/eager-vibrant-shannon/mnt/Development/task-board/backend/src/routes/tasks.js": {"path":"/sessions/eager-vibrant-shannon/mnt/Development/task-board/backend/src/routes/tasks.js","statementMap":{"0":{"start":{"line":4,"column":15},"end":{"line":4,"column":31}},"1":{"start":{"line":7,"column":0},"end":{"line":7,"column":44}},"2":{"start":{"line":10,"column":0},"end":{"line":10,"column":47}},"3":{"start":{"line":13,"column":0},"end":{"line":13,"column":44}},"4":{"start":{"line":16,"column":0},"end":{"line":16,"column":46}},"5":{"start":{"line":19,"column":0},"end":{"line":19,"column":49}}},"fnMap":{},"branchMap":{},"s":{"0":1,"1":1,"2":1,"3":1,"4":1,"5":1},"f":{},"b":{},"inputSourceMap":null,"_coverageSchema":"1a1c01bbd47fc00a2c39e90264f33305004495a9","hash":"46614be8d375c674ae9c1a7bdd61305214391155"}
,"/sessions/eager-vibrant-shannon/mnt/Development/task-board/backend/src/utils/errors.js": {"path":"/sessions/eager-vibrant-shannon/mnt/Development/task-board/backend/src/utils/errors.js","statementMap":{"0":{"start":{"line":12,"column":4},"end":{"line":12,"column":19}},"1":{"start":{"line":13,"column":4},"end":{"line":13,"column":34}},"2":{"start":{"line":14,"column":4},"end":{"line":14,"column":26}},"3":{"start":{"line":15,"column":4},"end":{"line":15,"column":25}},"4":{"start":{"line":21,"column":4},"end":{"line":21,"column":19}},"5":{"start":{"line":22,"column":4},"end":{"line":22,"column":32}},"6":{"start":{"line":23,"column":4},"end":{"line":23,"column":26}},"7":{"start":{"line":36,"column":2},"end":{"line":36,"column":48}},"8":{"start":{"line":39,"column":21},"end":{"line":39,"column":42}},"9":{"start":{"line":42,"column":19},"end":{"line":46,"column":3}},"10":{"start":{"line":49,"column":2},"end":{"line":51,"column":3}},"11":{"start":{"line":50,"column":4},"end":{"line":50,"column":33}},"12":{"start":{"line":54,"column":2},"end":{"line":56,"column":3}},"13":{"start":{"line":55,"column":4},"end":{"line":55,"column":31}},"14":{"start":{"line":58,"column":2},"end":{"line":58,"column":40}}},"fnMap":{"0":{"name":"(anonymous_0)","decl":{"start":{"line":11,"column":2},"end":{"line":11,"column":3}},"loc":{"start":{"line":11,"column":36},"end":{"line":16,"column":3}},"line":11},"1":{"name":"(anonymous_1)","decl":{"start":{"line":20,"column":2},"end":{"line":20,"column":3}},"loc":{"start":{"line":20,"column":23},"end":{"line":24,"column":3}},"line":20},"2":{"name":"errorHandler","decl":{"start":{"line":34,"column":16},"end":{"line":34,"column":28}},"loc":{"start":{"line":34,"column":50},"end":{"line":59,"column":1}},"line":34}},"branchMap":{"0":{"loc":{"start":{"line":11,"column":23},"end":{"line":11,"column":34}},"type":"default-arg","locations":[{"start":{"line":11,"column":32},"end":{"line":11,"column":34}}],"line":11},"1":{"loc":{"start":{"line":39,"column":21},"end":{"line":39,"column":42}},"type":"binary-expr","locations":[{"start":{"line":39,"column":21},"end":{"line":39,"column":35}},{"start":{"line":39,"column":39},"end":{"line":39,"column":42}}],"line":39},"2":{"loc":{"start":{"line":44,"column":11},"end":{"line":44,"column":44}},"type":"binary-expr","locations":[{"start":{"line":44,"column":11},"end":{"line":44,"column":19}},{"start":{"line":44,"column":23},"end":{"line":44,"column":44}}],"line":44},"3":{"loc":{"start":{"line":45,"column":13},"end":{"line":45,"column":58}},"type":"binary-expr","locations":[{"start":{"line":45,"column":13},"end":{"line":45,"column":24}},{"start":{"line":45,"column":28},"end":{"line":45,"column":58}}],"line":45},"4":{"loc":{"start":{"line":49,"column":2},"end":{"line":51,"column":3}},"type":"if","locations":[{"start":{"line":49,"column":2},"end":{"line":51,"column":3}},{"start":{},"end":{}}],"line":49},"5":{"loc":{"start":{"line":49,"column":6},"end":{"line":49,"column":41}},"type":"binary-expr","locations":[{"start":{"line":49,"column":6},"end":{"line":49,"column":16}},{"start":{"line":49,"column":20},"end":{"line":49,"column":41}}],"line":49},"6":{"loc":{"start":{"line":54,"column":2},"end":{"line":56,"column":3}},"type":"if","locations":[{"start":{"line":54,"column":2},"end":{"line":56,"column":3}},{"start":{},"end":{}}],"line":54}},"s":{"0":7,"1":7,"2":7,"3":7,"4":4,"5":4,"6":4,"7":11,"8":11,"9":11,"10":11,"11":7,"12":11,"13":11,"14":11},"f":{"0":7,"1":4,"2":11},"b":{"0":[0],"1":[11,0],"2":[11,0],"3":[11,0],"4":[7,4],"5":[11,7],"6":[11,0]},"inputSourceMap":null,"_coverageSchema":"1a1c01bbd47fc00a2c39e90264f33305004495a9","hash":"415b5fd3fcc20eeb518f5af5773018278bcbca77"}
}
