TN:
SF:src/controllers/taskController.js
FN:6,(anonymous_0)
FN:20,(anonymous_1)
FN:39,(anonymous_2)
FN:62,(anonymous_3)
FN:93,(anonymous_4)
FNF:5
FNH:5
FNDA:3,(anonymous_0)
FNDA:3,(anonymous_1)
FNDA:24,(anonymous_2)
FNDA:4,(anonymous_3)
FNDA:2,(anonymous_4)
DA:4,1
DA:7,3
DA:8,3
DA:9,3
DA:15,0
DA:21,3
DA:22,3
DA:23,3
DA:25,3
DA:26,2
DA:29,1
DA:34,2
DA:40,24
DA:42,24
DA:45,18
DA:47,18
DA:53,6
DA:54,6
DA:56,0
DA:63,4
DA:64,4
DA:67,4
DA:68,4
DA:69,1
DA:73,3
DA:76,2
DA:78,2
DA:84,2
DA:85,1
DA:87,1
DA:94,2
DA:95,2
DA:97,2
DA:99,2
DA:100,1
DA:103,1
DA:109,1
LF:37
LH:35
BRDA:25,0,0,2
BRDA:25,0,1,1
BRDA:53,1,0,6
BRDA:53,1,1,0
BRDA:68,2,0,1
BRDA:68,2,1,3
BRDA:84,3,0,1
BRDA:84,3,1,1
BRDA:99,4,0,1
BRDA:99,4,1,1
BRF:10
BRH:9
end_of_record
TN:
SF:src/middleware/errorHandler.js
FN:3,(anonymous_0)
FNF:1
FNH:0
FNDA:0,(anonymous_0)
DA:3,0
DA:5,0
DA:6,0
DA:10,0
DA:11,0
DA:20,0
LF:6
LH:0
BRDA:5,0,0,0
BRDA:5,0,1,0
BRDA:10,1,0,0
BRDA:10,1,1,0
BRDA:15,2,0,0
BRDA:15,2,1,0
BRDA:23,3,0,0
BRDA:23,3,1,0
BRF:8
BRH:0
end_of_record
TN:
SF:src/models/Task.js
FN:33,(anonymous_0)
FN:42,(anonymous_1)
FN:57,(anonymous_2)
FN:58,(anonymous_3)
FN:68,(anonymous_4)
FN:78,(anonymous_5)
FN:99,(anonymous_6)
FN:110,(anonymous_7)
FN:117,(anonymous_8)
FN:124,(anonymous_9)
FNF:10
FNH:10
FNDA:1,(anonymous_0)
FNDA:105,(anonymous_1)
FNDA:3,(anonymous_2)
FNDA:6,(anonymous_3)
FNDA:7,(anonymous_4)
FNDA:2,(anonymous_5)
FNDA:2,(anonymous_6)
FNDA:58,(anonymous_7)
FNDA:2,(anonymous_8)
FNDA:29,(anonymous_9)
DA:14,1
DA:25,1
DA:34,1
DA:43,105
DA:49,105
DA:50,105
DA:58,3
DA:59,6
DA:69,7
DA:79,2
DA:80,2
DA:82,2
DA:90,2
DA:91,2
DA:100,2
DA:101,2
DA:103,1
DA:104,1
DA:111,58
DA:118,2
DA:125,29
DA:128,29
DA:139,29
DA:150,29
DA:163,1
DA:166,1
DA:167,0
LF:27
LH:26
BRDA:69,0,0,7
BRDA:69,0,1,3
BRDA:80,1,0,0
BRDA:80,1,1,2
BRDA:101,2,0,1
BRDA:101,2,1,1
BRDA:166,3,0,0
BRDA:166,3,1,1
BRF:8
BRH:6
end_of_record
TN:
SF:src/routes/tasks.js
FNF:0
FNH:0
DA:4,1
DA:7,1
DA:10,1
DA:13,1
DA:16,1
DA:19,1
LF:6
LH:6
BRF:0
BRH:0
end_of_record
TN:
SF:src/utils/errors.js
FN:11,(anonymous_0)
FN:20,(anonymous_1)
FN:34,errorHandler
FNF:3
FNH:3
FNDA:7,(anonymous_0)
FNDA:4,(anonymous_1)
FNDA:11,errorHandler
DA:12,7
DA:13,7
DA:14,7
DA:15,7
DA:21,4
DA:22,4
DA:23,4
DA:36,11
DA:39,11
DA:42,11
DA:49,11
DA:50,7
DA:54,11
DA:55,11
DA:58,11
LF:15
LH:15
BRDA:11,0,0,0
BRDA:39,1,0,11
BRDA:39,1,1,0
BRDA:44,2,0,11
BRDA:44,2,1,0
BRDA:45,3,0,11
BRDA:45,3,1,0
BRDA:49,4,0,7
BRDA:49,4,1,4
BRDA:49,5,0,11
BRDA:49,5,1,7
BRDA:54,6,0,11
BRDA:54,6,1,0
BRF:13
BRH:8
end_of_record
