TN:
SF:src/controllers/taskController.js
FN:6,(anonymous_0)
FN:20,(anonymous_1)
FN:39,(anonymous_2)
FN:62,(anonymous_3)
FN:93,(anonymous_4)
FNF:5
FNH:5
FNDA:3,(anonymous_0)
FNDA:3,(anonymous_1)
FNDA:12,(anonymous_2)
FNDA:4,(anonymous_3)
FNDA:2,(anonymous_4)
DA:4,1
DA:7,3
DA:8,3
DA:9,3
DA:15,0
DA:21,3
DA:22,3
DA:23,3
DA:25,3
DA:26,2
DA:29,1
DA:34,2
DA:40,12
DA:42,12
DA:45,8
DA:47,8
DA:53,4
DA:54,4
DA:56,0
DA:63,4
DA:64,4
DA:67,4
DA:68,4
DA:69,1
DA:73,3
DA:76,2
DA:78,2
DA:84,2
DA:85,1
DA:87,1
DA:94,2
DA:95,2
DA:97,2
DA:99,2
DA:100,1
DA:103,1
DA:109,1
LF:37
LH:35
BRDA:25,0,0,2
BRDA:25,0,1,1
BRDA:53,1,0,4
BRDA:53,1,1,0
BRDA:68,2,0,1
BRDA:68,2,1,3
BRDA:84,3,0,1
BRDA:84,3,1,1
BRDA:99,4,0,1
BRDA:99,4,1,1
BRF:10
BRH:9
end_of_record
TN:
SF:src/middleware/errorHandler.js
FN:3,(anonymous_0)
FNF:1
FNH:1
FNDA:9,(anonymous_0)
DA:3,1
DA:5,9
DA:6,0
DA:10,9
DA:11,9
DA:20,0
LF:6
LH:4
BRDA:5,0,0,0
BRDA:5,0,1,9
BRDA:10,1,0,9
BRDA:10,1,1,0
BRDA:15,2,0,9
BRDA:15,2,1,5
BRDA:23,3,0,0
BRDA:23,3,1,0
BRF:8
BRH:4
end_of_record
TN:
SF:src/models/Task.js
FN:17,(anonymous_0)
FN:22,(anonymous_1)
FN:47,(anonymous_2)
FN:51,(anonymous_3)
FN:63,(anonymous_4)
FN:64,(anonymous_5)
FN:70,(anonymous_6)
FN:75,(anonymous_7)
FN:92,(anonymous_8)
FN:101,(anonymous_9)
FN:106,(anonymous_10)
FNF:11
FNH:11
FNDA:1,(anonymous_0)
FNDA:24,(anonymous_1)
FNDA:48,(anonymous_2)
FNDA:8,(anonymous_3)
FNDA:3,(anonymous_4)
FNDA:3,(anonymous_5)
FNDA:7,(anonymous_6)
FNDA:2,(anonymous_7)
FNDA:2,(anonymous_8)
FNDA:23,(anonymous_9)
FNDA:2,(anonymous_10)
DA:5,1
DA:13,1
DA:18,1
DA:19,1
DA:24,24
DA:47,48
DA:52,8
DA:58,8
DA:59,8
DA:64,3
DA:65,3
DA:71,7
DA:76,2
DA:77,2
DA:79,2
DA:87,2
DA:88,2
DA:93,2
DA:94,2
DA:96,1
DA:97,1
DA:102,23
DA:107,2
DA:112,1
LF:24
LH:24
BRDA:71,0,0,7
BRDA:71,0,1,3
BRDA:77,1,0,0
BRDA:77,1,1,2
BRDA:94,2,0,1
BRDA:94,2,1,1
BRF:6
BRH:5
end_of_record
TN:
SF:src/routes/tasks.js
FNF:0
FNH:0
DA:4,1
DA:7,1
DA:10,1
DA:13,1
DA:16,1
DA:19,1
LF:6
LH:6
BRF:0
BRH:0
end_of_record
TN:
SF:src/utils/errors.js
FN:3,(anonymous_0)
FN:13,(anonymous_1)
FN:21,(anonymous_2)
FN:28,(anonymous_3)
FN:35,(anonymous_4)
FNF:5
FNH:3
FNDA:9,(anonymous_0)
FNDA:5,(anonymous_1)
FNDA:4,(anonymous_2)
FNDA:0,(anonymous_3)
FNDA:0,(anonymous_4)
DA:4,9
DA:5,9
DA:6,9
DA:7,9
DA:14,5
DA:15,5
DA:22,4
DA:29,0
DA:36,0
LF:9
LH:7
BRDA:3,0,0,0
BRDA:13,1,0,0
BRDA:21,2,0,0
BRDA:28,3,0,0
BRDA:35,4,0,0
BRF:5
BRH:0
end_of_record
